[     122ms] [INFO] %cDownload the React DevTools for a better development experience: https://react.dev/link/react-devtools font-weight:bold @ http://localhost:3001/_next/static/chunks/0r_m_next_dist_13~aa_a._.js:2431
[     136ms] [LOG] [HMR] connected @ http://localhost:3001/_next/static/chunks/0r_m_next_dist_13~aa_a._.js:2431
[     151ms] [WARNING] Image with src "/logo.png" was detected as the Largest Contentful Paint (LCP). Please add the `loading="eager"` property if this image is above the fold.
Read more: https://nextjs.org/docs/app/api-reference/components/image#loading @ http://localhost:3001/_next/static/chunks/0r_m_next_dist_13~aa_a._.js:2431
[     161ms] [WARNING] Image with src "/logo.png" has "fill" but is missing "sizes" prop. Please add it to improve page performance. Read more: https://nextjs.org/docs/api-reference/next/image#sizes @ http://localhost:3001/_next/static/chunks/0r_m_next_dist_13~aa_a._.js:2431
[     441ms] [WARNING] Image with src "/carusel/carusel3.jpg" was detected as the Largest Contentful Paint (LCP). Please add the `loading="eager"` property if this image is above the fold.
Read more: https://nextjs.org/docs/app/api-reference/components/image#loading @ http://localhost:3001/_next/static/chunks/0r_m_next_dist_13~aa_a._.js:2431
[     631ms] [WARNING] Image with src "/carusel/carusel5.jpg" was detected as the Largest Contentful Paint (LCP). Please add the `loading="eager"` property if this image is above the fold.
Read more: https://nextjs.org/docs/app/api-reference/components/image#loading @ http://localhost:3001/_next/static/chunks/0r_m_next_dist_13~aa_a._.js:2431
[     660ms] [WARNING] Image with src "/carusel/carusel15.jpg" was detected as the Largest Contentful Paint (LCP). Please add the `loading="eager"` property if this image is above the fold.
Read more: https://nextjs.org/docs/app/api-reference/components/image#loading @ http://localhost:3001/_next/static/chunks/0r_m_next_dist_13~aa_a._.js:2431
[   76469ms] [LOG] [Fast Refresh] rebuilding @ http://localhost:3001/_next/static/chunks/0r_m_next_dist_13~aa_a._.js:2431
[   76492ms] [LOG] [Fast Refresh] done in 47ms @ http://localhost:3001/_next/static/chunks/0r_m_next_dist_13~aa_a._.js:2431
[   80122ms] [LOG] [Fast Refresh] rebuilding @ http://localhost:3001/_next/static/chunks/0r_m_next_dist_13~aa_a._.js:2431
[   80141ms] [LOG] [Fast Refresh] done in 43ms @ http://localhost:3001/_next/static/chunks/0r_m_next_dist_13~aa_a._.js:2431
[  128999ms] [LOG] [Fast Refresh] rebuilding @ http://localhost:3001/_next/static/chunks/0r_m_next_dist_13~aa_a._.js:2431
[  129016ms] [LOG] [Fast Refresh] done in 56ms @ http://localhost:3001/_next/static/chunks/0r_m_next_dist_13~aa_a._.js:2431
[  132050ms] [LOG] [Fast Refresh] rebuilding @ http://localhost:3001/_next/static/chunks/0r_m_next_dist_13~aa_a._.js:2431
[  132070ms] [LOG] [Fast Refresh] done in 38ms @ http://localhost:3001/_next/static/chunks/0r_m_next_dist_13~aa_a._.js:2431
[  140587ms] [LOG] [Fast Refresh] rebuilding @ http://localhost:3001/_next/static/chunks/0r_m_next_dist_13~aa_a._.js:2431
[  140608ms] [LOG] [Fast Refresh] done in 47ms @ http://localhost:3001/_next/static/chunks/0r_m_next_dist_13~aa_a._.js:2431
[  151218ms] [LOG] [Fast Refresh] rebuilding @ http://localhost:3001/_next/static/chunks/0r_m_next_dist_13~aa_a._.js:2431
[  151236ms] [LOG] [Fast Refresh] done in 35ms @ http://localhost:3001/_next/static/chunks/0r_m_next_dist_13~aa_a._.js:2431
[  154151ms] [LOG] [Fast Refresh] rebuilding @ http://localhost:3001/_next/static/chunks/0r_m_next_dist_13~aa_a._.js:2431
[  154172ms] [LOG] [Fast Refresh] done in 29ms @ http://localhost:3001/_next/static/chunks/0r_m_next_dist_13~aa_a._.js:2431
[  155932ms] [LOG] [Fast Refresh] rebuilding @ http://localhost:3001/_next/static/chunks/0r_m_next_dist_13~aa_a._.js:2431
[  155956ms] [LOG] [Fast Refresh] done in 26ms @ http://localhost:3001/_next/static/chunks/0r_m_next_dist_13~aa_a._.js:2431
[  157113ms] [LOG] [Fast Refresh] rebuilding @ http://localhost:3001/_next/static/chunks/0r_m_next_dist_13~aa_a._.js:2431
[  157133ms] [LOG] [Fast Refresh] done in 37ms @ http://localhost:3001/_next/static/chunks/0r_m_next_dist_13~aa_a._.js:2431
[  178604ms] [LOG] [Fast Refresh] rebuilding @ http://localhost:3001/_next/static/chunks/0r_m_next_dist_13~aa_a._.js:2431
[  178624ms] [LOG] [Fast Refresh] done in 50ms @ http://localhost:3001/_next/static/chunks/0r_m_next_dist_13~aa_a._.js:2431
[  182028ms] [LOG] [Fast Refresh] rebuilding @ http://localhost:3001/_next/static/chunks/0r_m_next_dist_13~aa_a._.js:2431
[  182054ms] [LOG] [Fast Refresh] done in 34ms @ http://localhost:3001/_next/static/chunks/0r_m_next_dist_13~aa_a._.js:2431
[  183567ms] [LOG] [Fast Refresh] rebuilding @ http://localhost:3001/_next/static/chunks/0r_m_next_dist_13~aa_a._.js:2431
[  183587ms] [LOG] [Fast Refresh] done in 29ms @ http://localhost:3001/_next/static/chunks/0r_m_next_dist_13~aa_a._.js:2431
[  205873ms] [LOG] [Fast Refresh] rebuilding @ http://localhost:3001/_next/static/chunks/0r_m_next_dist_13~aa_a._.js:2431
[  205902ms] [LOG] [Fast Refresh] done in 48ms @ http://localhost:3001/_next/static/chunks/0r_m_next_dist_13~aa_a._.js:2431
[  228594ms] [LOG] [Fast Refresh] rebuilding @ http://localhost:3001/_next/static/chunks/0r_m_next_dist_13~aa_a._.js:2431
[  228614ms] [LOG] [Fast Refresh] done in 52ms @ http://localhost:3001/_next/static/chunks/0r_m_next_dist_13~aa_a._.js:2431
[  244629ms] [LOG] [Fast Refresh] rebuilding @ http://localhost:3001/_next/static/chunks/0r_m_next_dist_13~aa_a._.js:2431
[  244650ms] [LOG] [Fast Refresh] done in 34ms @ http://localhost:3001/_next/static/chunks/0r_m_next_dist_13~aa_a._.js:2431
[  248790ms] [LOG] [Fast Refresh] rebuilding @ http://localhost:3001/_next/static/chunks/0r_m_next_dist_13~aa_a._.js:2431
[  248812ms] [LOG] [Fast Refresh] done in 29ms @ http://localhost:3001/_next/static/chunks/0r_m_next_dist_13~aa_a._.js:2431
[  303616ms] [LOG] [Fast Refresh] rebuilding @ http://localhost:3001/_next/static/chunks/0r_m_next_dist_13~aa_a._.js:2431
[  303629ms] [LOG] [Fast Refresh] done in 47ms @ http://localhost:3001/_next/static/chunks/0r_m_next_dist_13~aa_a._.js:2431
[  358189ms] [LOG] [Fast Refresh] rebuilding @ http://localhost:3001/_next/static/chunks/0r_m_next_dist_13~aa_a._.js:2431
[  358211ms] [LOG] [Fast Refresh] done in 78ms @ http://localhost:3001/_next/static/chunks/0r_m_next_dist_13~aa_a._.js:2431
[  360317ms] [LOG] [Fast Refresh] rebuilding @ http://localhost:3001/_next/static/chunks/0r_m_next_dist_13~aa_a._.js:2431
[  360339ms] [LOG] [Fast Refresh] done in 39ms @ http://localhost:3001/_next/static/chunks/0r_m_next_dist_13~aa_a._.js:2431
[  368217ms] [LOG] [Fast Refresh] rebuilding @ http://localhost:3001/_next/static/chunks/0r_m_next_dist_13~aa_a._.js:2431
[  368241ms] [LOG] [Fast Refresh] done in 56ms @ http://localhost:3001/_next/static/chunks/0r_m_next_dist_13~aa_a._.js:2431
[  437405ms] [LOG] [Fast Refresh] rebuilding @ http://localhost:3001/_next/static/chunks/0r_m_next_dist_13~aa_a._.js:2431
[  437428ms] [LOG] [Fast Refresh] done in 47ms @ http://localhost:3001/_next/static/chunks/0r_m_next_dist_13~aa_a._.js:2431
[  551638ms] [LOG] [Fast Refresh] rebuilding @ http://localhost:3001/_next/static/chunks/0r_m_next_dist_13~aa_a._.js:2431
[  551771ms] [LOG] [Fast Refresh] done in 82ms @ http://localhost:3001/_next/static/chunks/0r_m_next_dist_13~aa_a._.js:2431
[  676037ms] [LOG] [Fast Refresh] rebuilding @ http://localhost:3001/_next/static/chunks/0r_m_next_dist_13~aa_a._.js:2431
[  676054ms] [LOG] [Fast Refresh] done in 59ms @ http://localhost:3001/_next/static/chunks/0r_m_next_dist_13~aa_a._.js:2431
[  685672ms] [LOG] [Fast Refresh] rebuilding @ http://localhost:3001/_next/static/chunks/0r_m_next_dist_13~aa_a._.js:2431
[  685694ms] [LOG] [Fast Refresh] done in 31ms @ http://localhost:3001/_next/static/chunks/0r_m_next_dist_13~aa_a._.js:2431
[  707793ms] [LOG] [Fast Refresh] rebuilding @ http://localhost:3001/_next/static/chunks/0r_m_next_dist_13~aa_a._.js:2431
[  707815ms] [LOG] [Fast Refresh] done in 46ms @ http://localhost:3001/_next/static/chunks/0r_m_next_dist_13~aa_a._.js:2431
[  731046ms] [LOG] [Fast Refresh] rebuilding @ http://localhost:3001/_next/static/chunks/0r_m_next_dist_13~aa_a._.js:2431
[  731082ms] [LOG] [Fast Refresh] done in 29ms @ http://localhost:3001/_next/static/chunks/0r_m_next_dist_13~aa_a._.js:2431
[ 1063456ms] [LOG] [Fast Refresh] rebuilding @ http://localhost:3001/_next/static/chunks/0r_m_next_dist_13~aa_a._.js:2431
[ 1063476ms] [LOG] [Fast Refresh] done in 67ms @ http://localhost:3001/_next/static/chunks/0r_m_next_dist_13~aa_a._.js:2431
[ 1079568ms] [LOG] [Fast Refresh] rebuilding @ http://localhost:3001/_next/static/chunks/0r_m_next_dist_13~aa_a._.js:2431
[ 1079634ms] [LOG] [Fast Refresh] done in 86ms @ http://localhost:3001/_next/static/chunks/0r_m_next_dist_13~aa_a._.js:2431
[ 1261117ms] [LOG] [Fast Refresh] rebuilding @ http://localhost:3001/_next/static/chunks/0r_m_next_dist_13~aa_a._.js:2431
[ 1261133ms] [LOG] [Fast Refresh] done in 60ms @ http://localhost:3001/_next/static/chunks/0r_m_next_dist_13~aa_a._.js:2431
[ 1275763ms] [LOG] [Fast Refresh] rebuilding @ http://localhost:3001/_next/static/chunks/0r_m_next_dist_13~aa_a._.js:2431
[ 1275839ms] [LOG] [Fast Refresh] done in 34ms @ http://localhost:3001/_next/static/chunks/0r_m_next_dist_13~aa_a._.js:2431
[ 1456845ms] [LOG] [Fast Refresh] rebuilding @ http://localhost:3001/_next/static/chunks/0r_m_next_dist_13~aa_a._.js:2431
[ 1456867ms] [LOG] [Fast Refresh] done in 48ms @ http://localhost:3001/_next/static/chunks/0r_m_next_dist_13~aa_a._.js:2431
[ 1468663ms] [LOG] [Fast Refresh] rebuilding @ http://localhost:3001/_next/static/chunks/0r_m_next_dist_13~aa_a._.js:2431
[ 1468686ms] [LOG] [Fast Refresh] done in 27ms @ http://localhost:3001/_next/static/chunks/0r_m_next_dist_13~aa_a._.js:2431
[ 1550373ms] [LOG] [Fast Refresh] rebuilding @ http://localhost:3001/_next/static/chunks/0r_m_next_dist_13~aa_a._.js:2431
[ 1550395ms] [LOG] [Fast Refresh] done in 55ms @ http://localhost:3001/_next/static/chunks/0r_m_next_dist_13~aa_a._.js:2431
[ 1573894ms] [LOG] [Fast Refresh] rebuilding @ http://localhost:3001/_next/static/chunks/0r_m_next_dist_13~aa_a._.js:2431
[ 1573929ms] [LOG] [Fast Refresh] done in 31ms @ http://localhost:3001/_next/static/chunks/0r_m_next_dist_13~aa_a._.js:2431
[ 1623787ms] [LOG] [Fast Refresh] rebuilding @ http://localhost:3001/_next/static/chunks/0r_m_next_dist_13~aa_a._.js:2431
[ 1623859ms] [LOG] [Fast Refresh] done in 173ms @ http://localhost:3001/_next/static/chunks/0r_m_next_dist_13~aa_a._.js:2431
[ 2013842ms] [LOG] [Fast Refresh] rebuilding @ http://localhost:3001/_next/static/chunks/0r_m_next_dist_13~aa_a._.js:2431
[ 2013862ms] [LOG] [Fast Refresh] done in 46ms @ http://localhost:3001/_next/static/chunks/0r_m_next_dist_13~aa_a._.js:2431
[ 2024021ms] [LOG] [Fast Refresh] rebuilding @ http://localhost:3001/_next/static/chunks/0r_m_next_dist_13~aa_a._.js:2431
[ 2024044ms] [LOG] [Fast Refresh] done in 26ms @ http://localhost:3001/_next/static/chunks/0r_m_next_dist_13~aa_a._.js:2431
[ 2083927ms] [LOG] [Fast Refresh] rebuilding @ http://localhost:3001/_next/static/chunks/0r_m_next_dist_13~aa_a._.js:2431
[ 2083948ms] [LOG] [Fast Refresh] done in 63ms @ http://localhost:3001/_next/static/chunks/0r_m_next_dist_13~aa_a._.js:2431
[ 2094705ms] [LOG] [Fast Refresh] rebuilding @ http://localhost:3001/_next/static/chunks/0r_m_next_dist_13~aa_a._.js:2431
[ 2094728ms] [LOG] [Fast Refresh] done in 28ms @ http://localhost:3001/_next/static/chunks/0r_m_next_dist_13~aa_a._.js:2431
[ 2110190ms] [LOG] [Fast Refresh] rebuilding @ http://localhost:3001/_next/static/chunks/0r_m_next_dist_13~aa_a._.js:2431
[ 2110212ms] [LOG] [Fast Refresh] done in 28ms @ http://localhost:3001/_next/static/chunks/0r_m_next_dist_13~aa_a._.js:2431
[ 2125959ms] [LOG] [Fast Refresh] rebuilding @ http://localhost:3001/_next/static/chunks/0r_m_next_dist_13~aa_a._.js:2431
[ 2125980ms] [LOG] [Fast Refresh] done in 38ms @ http://localhost:3001/_next/static/chunks/0r_m_next_dist_13~aa_a._.js:2431
[ 2146866ms] [LOG] [Fast Refresh] rebuilding @ http://localhost:3001/_next/static/chunks/0r_m_next_dist_13~aa_a._.js:2431
[ 2146885ms] [LOG] [Fast Refresh] done in 33ms @ http://localhost:3001/_next/static/chunks/0r_m_next_dist_13~aa_a._.js:2431
[ 2255735ms] [LOG] [Fast Refresh] rebuilding @ http://localhost:3001/_next/static/chunks/0r_m_next_dist_13~aa_a._.js:2431
[ 2255770ms] ReferenceError: tiltRad is not defined
    at eval (http://localhost:3001/_next/static/chunks/_0ubpgpf._.js?id=%255Bproject%255D%252Fcomponents%252FNewCarusel.tsx+%255Bapp-client%255D+%2528ecmascript%2529:487:82)
    at Array.map (<anonymous>)
    at NewCarusel (http://localhost:3001/_next/static/chunks/_0ubpgpf._.js?id=%255Bproject%255D%252Fcomponents%252FNewCarusel.tsx+%255Bapp-client%255D+%2528ecmascript%2529:479:35)
    at Object.react_stack_bottom_frame (http://localhost:3001/_next/static/chunks/0r_m_next_dist_compiled_react-dom_0i43cm-._.js:15037:24)
    at renderWithHooks (http://localhost:3001/_next/static/chunks/0r_m_next_dist_compiled_react-dom_0i43cm-._.js:4620:24)
    at updateFunctionComponent (http://localhost:3001/_next/static/chunks/0r_m_next_dist_compiled_react-dom_0i43cm-._.js:6081:21)
    at beginWork (http://localhost:3001/_next/static/chunks/0r_m_next_dist_compiled_react-dom_0i43cm-._.js:6691:24)
    at runWithFiberInDEV (http://localhost:3001/_next/static/chunks/0r_m_next_dist_compiled_react-dom_0i43cm-._.js:965:74)
    at performUnitOfWork (http://localhost:3001/_next/static/chunks/0r_m_next_dist_compiled_react-dom_0i43cm-._.js:9555:97)
    at workLoopSync (http://localhost:3001/_next/static/chunks/0r_m_next_dist_compiled_react-dom_0i43cm-._.js:9449:40)
    at renderRootSync (http://localhost:3001/_next/static/chunks/0r_m_next_dist_compiled_react-dom_0i43cm-._.js:9433:13)
    at performWorkOnRoot (http://localhost:3001/_next/static/chunks/0r_m_next_dist_compiled_react-dom_0i43cm-._.js:9098:47)
    at performSyncWorkOnRoot (http://localhost:3001/_next/static/chunks/0r_m_next_dist_compiled_react-dom_0i43cm-._.js:10263:9)
    at flushSyncWorkAcrossRoots_impl (http://localhost:3001/_next/static/chunks/0r_m_next_dist_compiled_react-dom_0i43cm-._.js:10179:316)
    at flushSyncWork$1 (http://localhost:3001/_next/static/chunks/0r_m_next_dist_compiled_react-dom_0i43cm-._.js:9230:86)
    at Object.scheduleRefresh (http://localhost:3001/_next/static/chunks/0r_m_next_dist_compiled_react-dom_0i43cm-._.js:299:13)
    at http://localhost:3001/_next/static/chunks/0r_m_next_dist_compiled_0zagswi._.js:391:33
    at Set.forEach (<anonymous>)
    at Object.performReactRefresh (http://localhost:3001/_next/static/chunks/0r_m_next_dist_compiled_0zagswi._.js:384:38)
    at applyUpdate (http://localhost:3001/_next/static/chunks/0r_m_next_dist_compiled_0zagswi._.js:878:31)
    at http://localhost:3001/_next/static/chunks/0r_m_next_dist_compiled_0zagswi._.js:886:13
[ 2255811ms] [LOG] [Fast Refresh] done in 76ms @ http://localhost:3001/_next/static/chunks/0r_m_next_dist_13~aa_a._.js:2431
[ 2267994ms] [LOG] [Fast Refresh] rebuilding @ http://localhost:3001/_next/static/chunks/0r_m_next_dist_13~aa_a._.js:2431
[ 2267997ms] [WARNING] [Fast Refresh] performing full reload because your application had an unrecoverable error @ http://localhost:3001/_next/static/chunks/0r_m_next_dist_13~aa_a._.js:2431
[ 2268088ms] ReferenceError: perspScale is not defined
    at eval (http://localhost:3001/_next/static/chunks/_0ubpgpf._.js?id=%255Bproject%255D%252Fcomponents%252FNewCarusel.tsx+%255Bapp-client%255D+%2528ecmascript%2529:514:108)
    at Array.map (<anonymous>)
    at NewCarusel (http://localhost:3001/_next/static/chunks/_0ubpgpf._.js?id=%255Bproject%255D%252Fcomponents%252FNewCarusel.tsx+%255Bapp-client%255D+%2528ecmascript%2529:479:35)
    at Object.react_stack_bottom_frame (http://localhost:3001/_next/static/chunks/0r_m_next_dist_compiled_react-dom_0i43cm-._.js:15037:24)
    at renderWithHooks (http://localhost:3001/_next/static/chunks/0r_m_next_dist_compiled_react-dom_0i43cm-._.js:4620:24)
    at updateFunctionComponent (http://localhost:3001/_next/static/chunks/0r_m_next_dist_compiled_react-dom_0i43cm-._.js:6081:21)
    at beginWork (http://localhost:3001/_next/static/chunks/0r_m_next_dist_compiled_react-dom_0i43cm-._.js:6691:24)
    at runWithFiberInDEV (http://localhost:3001/_next/static/chunks/0r_m_next_dist_compiled_react-dom_0i43cm-._.js:965:74)
    at performUnitOfWork (http://localhost:3001/_next/static/chunks/0r_m_next_dist_compiled_react-dom_0i43cm-._.js:9555:97)
    at workLoopSync (http://localhost:3001/_next/static/chunks/0r_m_next_dist_compiled_react-dom_0i43cm-._.js:9449:40)
    at renderRootSync (http://localhost:3001/_next/static/chunks/0r_m_next_dist_compiled_react-dom_0i43cm-._.js:9433:13)
    at performWorkOnRoot (http://localhost:3001/_next/static/chunks/0r_m_next_dist_compiled_react-dom_0i43cm-._.js:9098:47)
    at performSyncWorkOnRoot (http://localhost:3001/_next/static/chunks/0r_m_next_dist_compiled_react-dom_0i43cm-._.js:10263:9)
    at flushSyncWorkAcrossRoots_impl (http://localhost:3001/_next/static/chunks/0r_m_next_dist_compiled_react-dom_0i43cm-._.js:10179:316)
    at flushSyncWork$1 (http://localhost:3001/_next/static/chunks/0r_m_next_dist_compiled_react-dom_0i43cm-._.js:9230:86)
    at Object.scheduleRefresh (http://localhost:3001/_next/static/chunks/0r_m_next_dist_compiled_react-dom_0i43cm-._.js:299:13)
    at http://localhost:3001/_next/static/chunks/0r_m_next_dist_compiled_0zagswi._.js:391:33
    at Set.forEach (<anonymous>)
    at Object.performReactRefresh (http://localhost:3001/_next/static/chunks/0r_m_next_dist_compiled_0zagswi._.js:384:38)
    at applyUpdate (http://localhost:3001/_next/static/chunks/0r_m_next_dist_compiled_0zagswi._.js:878:31)
    at http://localhost:3001/_next/static/chunks/0r_m_next_dist_compiled_0zagswi._.js:886:13
[ 2268033ms] [LOG] [Fast Refresh] done in 29ms @ http://localhost:3001/_next/static/chunks/0r_m_next_dist_13~aa_a._.js:2431
[ 2268314ms] [INFO] %cDownload the React DevTools for a better development experience: https://react.dev/link/react-devtools font-weight:bold @ http://localhost:3001/_next/static/chunks/0r_m_next_dist_13~aa_a._.js:2431
[ 2268366ms] [LOG] [HMR] connected @ http://localhost:3001/_next/static/chunks/0r_m_next_dist_13~aa_a._.js:2431
[ 2268388ms] [WARNING] Image with src "/logo.png" was detected as the Largest Contentful Paint (LCP). Please add the `loading="eager"` property if this image is above the fold.
Read more: https://nextjs.org/docs/app/api-reference/components/image#loading @ http://localhost:3001/_next/static/chunks/0r_m_next_dist_13~aa_a._.js:2431
[ 2268473ms] ReferenceError: perspScale is not defined
    at http://localhost:3001/_next/static/chunks/_0ubpgpf._.js:515:108
    at Array.map (<anonymous>)
    at NewCarusel (http://localhost:3001/_next/static/chunks/_0ubpgpf._.js:480:35)
    at Object.react_stack_bottom_frame (http://localhost:3001/_next/static/chunks/0r_m_next_dist_compiled_react-dom_0i43cm-._.js:15037:24)
    at renderWithHooks (http://localhost:3001/_next/static/chunks/0r_m_next_dist_compiled_react-dom_0i43cm-._.js:4620:24)
    at updateFunctionComponent (http://localhost:3001/_next/static/chunks/0r_m_next_dist_compiled_react-dom_0i43cm-._.js:6081:21)
    at beginWork (http://localhost:3001/_next/static/chunks/0r_m_next_dist_compiled_react-dom_0i43cm-._.js:6691:24)
    at runWithFiberInDEV (http://localhost:3001/_next/static/chunks/0r_m_next_dist_compiled_react-dom_0i43cm-._.js:965:74)
    at performUnitOfWork (http://localhost:3001/_next/static/chunks/0r_m_next_dist_compiled_react-dom_0i43cm-._.js:9555:97)
    at workLoopSync (http://localhost:3001/_next/static/chunks/0r_m_next_dist_compiled_react-dom_0i43cm-._.js:9449:40)
    at renderRootSync (http://localhost:3001/_next/static/chunks/0r_m_next_dist_compiled_react-dom_0i43cm-._.js:9433:13)
    at performWorkOnRoot (http://localhost:3001/_next/static/chunks/0r_m_next_dist_compiled_react-dom_0i43cm-._.js:9098:47)
    at performWorkOnRootViaSchedulerTask (http://localhost:3001/_next/static/chunks/0r_m_next_dist_compiled_react-dom_0i43cm-._.js:10255:9)
    at MessagePort.performWorkUntilDeadline (http://localhost:3001/_next/static/chunks/0r_m_next_dist_compiled_0zagswi._.js:2647:64)
[ 2277942ms] [LOG] [Fast Refresh] rebuilding @ http://localhost:3001/_next/static/chunks/0r_m_next_dist_13~aa_a._.js:2431
[ 2277945ms] [WARNING] [Fast Refresh] performing full reload because your application had an unrecoverable error @ http://localhost:3001/_next/static/chunks/0r_m_next_dist_13~aa_a._.js:2431
[ 2277968ms] [LOG] [Fast Refresh] done in 38ms @ http://localhost:3001/_next/static/chunks/0r_m_next_dist_13~aa_a._.js:2431
[ 2278390ms] [INFO] %cDownload the React DevTools for a better development experience: https://react.dev/link/react-devtools font-weight:bold @ http://localhost:3001/_next/static/chunks/0r_m_next_dist_13~aa_a._.js:2431
[ 2278405ms] [LOG] [HMR] connected @ http://localhost:3001/_next/static/chunks/0r_m_next_dist_13~aa_a._.js:2431
[ 2278459ms] [WARNING] Image with src "/logo.png" has "fill" but is missing "sizes" prop. Please add it to improve page performance. Read more: https://nextjs.org/docs/api-reference/next/image#sizes @ http://localhost:3001/_next/static/chunks/0r_m_next_dist_13~aa_a._.js:2431
[ 2278961ms] [WARNING] Image with src "/carusel/carusel3.jpg" was detected as the Largest Contentful Paint (LCP). Please add the `loading="eager"` property if this image is above the fold.
Read more: https://nextjs.org/docs/app/api-reference/components/image#loading @ http://localhost:3001/_next/static/chunks/0r_m_next_dist_13~aa_a._.js:2431
[ 2507353ms] [LOG] [Fast Refresh] rebuilding @ http://localhost:3001/_next/static/chunks/0r_m_next_dist_13~aa_a._.js:2431
[ 2507375ms] [LOG] [Fast Refresh] done in 56ms @ http://localhost:3001/_next/static/chunks/0r_m_next_dist_13~aa_a._.js:2431
[ 2591727ms] [LOG] [Fast Refresh] rebuilding @ http://localhost:3001/_next/static/chunks/0r_m_next_dist_13~aa_a._.js:2431
[ 2591741ms] [ERROR] `Infinity` is an invalid value for the `%s` css style property. perspective @ http://localhost:3001/_next/static/chunks/0r_m_next_dist_13~aa_a._.js:3272
[ 2591767ms] [LOG] [Fast Refresh] done in 51ms @ http://localhost:3001/_next/static/chunks/0r_m_next_dist_13~aa_a._.js:2431
[ 2602666ms] [LOG] [Fast Refresh] rebuilding @ http://localhost:3001/_next/static/chunks/0r_m_next_dist_13~aa_a._.js:2431
[ 2602691ms] [LOG] [Fast Refresh] done in 38ms @ http://localhost:3001/_next/static/chunks/0r_m_next_dist_13~aa_a._.js:2431
[ 2616598ms] [LOG] [Fast Refresh] rebuilding @ http://localhost:3001/_next/static/chunks/0r_m_next_dist_13~aa_a._.js:2431
[ 2616716ms] [LOG] [Fast Refresh] done in 221ms @ http://localhost:3001/_next/static/chunks/0r_m_next_dist_13~aa_a._.js:2431
[ 2764010ms] [LOG] [Fast Refresh] rebuilding @ http://localhost:3001/_next/static/chunks/0r_m_next_dist_13~aa_a._.js:2431
[ 2764051ms] ReferenceError: perspective is not defined
    at NewCarusel (http://localhost:3001/_next/static/chunks/_0ubpgpf._.js?id=%255Bproject%255D%252Fcomponents%252FNewCarusel.tsx+%255Bapp-client%255D+%2528ecmascript%2529:386:21)
    at Object.react_stack_bottom_frame (http://localhost:3001/_next/static/chunks/0r_m_next_dist_compiled_react-dom_0i43cm-._.js:15037:24)
    at renderWithHooks (http://localhost:3001/_next/static/chunks/0r_m_next_dist_compiled_react-dom_0i43cm-._.js:4620:24)
    at updateFunctionComponent (http://localhost:3001/_next/static/chunks/0r_m_next_dist_compiled_react-dom_0i43cm-._.js:6081:21)
    at beginWork (http://localhost:3001/_next/static/chunks/0r_m_next_dist_compiled_react-dom_0i43cm-._.js:6691:24)
    at runWithFiberInDEV (http://localhost:3001/_next/static/chunks/0r_m_next_dist_compiled_react-dom_0i43cm-._.js:965:74)
    at performUnitOfWork (http://localhost:3001/_next/static/chunks/0r_m_next_dist_compiled_react-dom_0i43cm-._.js:9555:97)
    at workLoopSync (http://localhost:3001/_next/static/chunks/0r_m_next_dist_compiled_react-dom_0i43cm-._.js:9449:40)
    at renderRootSync (http://localhost:3001/_next/static/chunks/0r_m_next_dist_compiled_react-dom_0i43cm-._.js:9433:13)
    at performWorkOnRoot (http://localhost:3001/_next/static/chunks/0r_m_next_dist_compiled_react-dom_0i43cm-._.js:9098:47)
    at performSyncWorkOnRoot (http://localhost:3001/_next/static/chunks/0r_m_next_dist_compiled_react-dom_0i43cm-._.js:10263:9)
    at flushSyncWorkAcrossRoots_impl (http://localhost:3001/_next/static/chunks/0r_m_next_dist_compiled_react-dom_0i43cm-._.js:10179:316)
    at flushSyncWork$1 (http://localhost:3001/_next/static/chunks/0r_m_next_dist_compiled_react-dom_0i43cm-._.js:9230:86)
    at Object.scheduleRefresh (http://localhost:3001/_next/static/chunks/0r_m_next_dist_compiled_react-dom_0i43cm-._.js:299:13)
    at http://localhost:3001/_next/static/chunks/0r_m_next_dist_compiled_0zagswi._.js:391:33
    at Set.forEach (<anonymous>)
    at Object.performReactRefresh (http://localhost:3001/_next/static/chunks/0r_m_next_dist_compiled_0zagswi._.js:384:38)
    at applyUpdate (http://localhost:3001/_next/static/chunks/0r_m_next_dist_compiled_0zagswi._.js:878:31)
    at http://localhost:3001/_next/static/chunks/0r_m_next_dist_compiled_0zagswi._.js:886:13
[ 2764042ms] [LOG] [Fast Refresh] done in 48ms @ http://localhost:3001/_next/static/chunks/0r_m_next_dist_13~aa_a._.js:2431
[ 2772315ms] [LOG] [Fast Refresh] rebuilding @ http://localhost:3001/_next/static/chunks/0r_m_next_dist_13~aa_a._.js:2431
[ 2772319ms] [WARNING] [Fast Refresh] performing full reload because your application had an unrecoverable error @ http://localhost:3001/_next/static/chunks/0r_m_next_dist_13~aa_a._.js:2431
[ 2772432ms] [LOG] [Fast Refresh] done in 33ms @ http://localhost:3001/_next/static/chunks/0r_m_next_dist_13~aa_a._.js:2431
[ 2772798ms] [INFO] %cDownload the React DevTools for a better development experience: https://react.dev/link/react-devtools font-weight:bold @ http://localhost:3001/_next/static/chunks/0r_m_next_dist_13~aa_a._.js:2431
[ 2772831ms] [LOG] [HMR] connected @ http://localhost:3001/_next/static/chunks/0r_m_next_dist_13~aa_a._.js:2431
[ 2772919ms] [WARNING] Image with src "/logo.png" has "fill" but is missing "sizes" prop. Please add it to improve page performance. Read more: https://nextjs.org/docs/api-reference/next/image#sizes @ http://localhost:3001/_next/static/chunks/0r_m_next_dist_13~aa_a._.js:2431
[ 2773004ms] [LOG] [Fast Refresh] rebuilding @ http://localhost:3001/_next/static/chunks/0r_m_next_dist_13~aa_a._.js:2431
[ 2773015ms] [LOG] [Fast Refresh] done in 126ms @ http://localhost:3001/_next/static/chunks/0r_m_next_dist_13~aa_a._.js:2431
[ 2773785ms] [WARNING] Image with src "/carusel/carusel5.jpg" was detected as the Largest Contentful Paint (LCP). Please add the `loading="eager"` property if this image is above the fold.
Read more: https://nextjs.org/docs/app/api-reference/components/image#loading @ http://localhost:3001/_next/static/chunks/0r_m_next_dist_13~aa_a._.js:2431
[ 2775411ms] [LOG] [Fast Refresh] rebuilding @ http://localhost:3001/_next/static/chunks/0r_m_next_dist_13~aa_a._.js:2431
[ 2775449ms] [LOG] [Fast Refresh] done in 144ms @ http://localhost:3001/_next/static/chunks/0r_m_next_dist_13~aa_a._.js:2431
[ 2934509ms] [LOG] [Fast Refresh] rebuilding @ http://localhost:3001/_next/static/chunks/0r_m_next_dist_13~aa_a._.js:2431
[ 2934522ms] ReferenceError: perspectiveVal is not defined
    at NewCarusel (http://localhost:3001/_next/static/chunks/_0ubpgpf._.js?id=%255Bproject%255D%252Fcomponents%252FNewCarusel.tsx+%255Bapp-client%255D+%2528ecmascript%2529:386:34)
    at Object.react_stack_bottom_frame (http://localhost:3001/_next/static/chunks/0r_m_next_dist_compiled_react-dom_0i43cm-._.js:15037:24)
    at renderWithHooks (http://localhost:3001/_next/static/chunks/0r_m_next_dist_compiled_react-dom_0i43cm-._.js:4620:24)
    at updateFunctionComponent (http://localhost:3001/_next/static/chunks/0r_m_next_dist_compiled_react-dom_0i43cm-._.js:6081:21)
    at beginWork (http://localhost:3001/_next/static/chunks/0r_m_next_dist_compiled_react-dom_0i43cm-._.js:6691:24)
    at runWithFiberInDEV (http://localhost:3001/_next/static/chunks/0r_m_next_dist_compiled_react-dom_0i43cm-._.js:965:74)
    at performUnitOfWork (http://localhost:3001/_next/static/chunks/0r_m_next_dist_compiled_react-dom_0i43cm-._.js:9555:97)
    at workLoopSync (http://localhost:3001/_next/static/chunks/0r_m_next_dist_compiled_react-dom_0i43cm-._.js:9449:40)
    at renderRootSync (http://localhost:3001/_next/static/chunks/0r_m_next_dist_compiled_react-dom_0i43cm-._.js:9433:13)
    at performWorkOnRoot (http://localhost:3001/_next/static/chunks/0r_m_next_dist_compiled_react-dom_0i43cm-._.js:9098:47)
    at performSyncWorkOnRoot (http://localhost:3001/_next/static/chunks/0r_m_next_dist_compiled_react-dom_0i43cm-._.js:10263:9)
    at flushSyncWorkAcrossRoots_impl (http://localhost:3001/_next/static/chunks/0r_m_next_dist_compiled_react-dom_0i43cm-._.js:10179:316)
    at flushSyncWork$1 (http://localhost:3001/_next/static/chunks/0r_m_next_dist_compiled_react-dom_0i43cm-._.js:9230:86)
    at Object.scheduleRefresh (http://localhost:3001/_next/static/chunks/0r_m_next_dist_compiled_react-dom_0i43cm-._.js:299:13)
    at http://localhost:3001/_next/static/chunks/0r_m_next_dist_compiled_0zagswi._.js:391:33
    at Set.forEach (<anonymous>)
    at Object.performReactRefresh (http://localhost:3001/_next/static/chunks/0r_m_next_dist_compiled_0zagswi._.js:384:38)
    at applyUpdate (http://localhost:3001/_next/static/chunks/0r_m_next_dist_compiled_0zagswi._.js:878:31)
    at http://localhost:3001/_next/static/chunks/0r_m_next_dist_compiled_0zagswi._.js:886:13
[ 2934541ms] [LOG] [Fast Refresh] done in 52ms @ http://localhost:3001/_next/static/chunks/0r_m_next_dist_13~aa_a._.js:2431
[ 2946247ms] [LOG] [Fast Refresh] rebuilding @ http://localhost:3001/_next/static/chunks/0r_m_next_dist_13~aa_a._.js:2431
[ 2946250ms] [WARNING] [Fast Refresh] performing full reload because your application had an unrecoverable error @ http://localhost:3001/_next/static/chunks/0r_m_next_dist_13~aa_a._.js:2431
[ 2946319ms] [LOG] [Fast Refresh] done in 32ms @ http://localhost:3001/_next/static/chunks/0r_m_next_dist_13~aa_a._.js:2431
[ 2946688ms] [INFO] %cDownload the React DevTools for a better development experience: https://react.dev/link/react-devtools font-weight:bold @ http://localhost:3001/_next/static/chunks/0r_m_next_dist_13~aa_a._.js:2431
[ 2946708ms] [LOG] [HMR] connected @ http://localhost:3001/_next/static/chunks/0r_m_next_dist_13~aa_a._.js:2431
[ 2946836ms] [WARNING] Image with src "/logo.png" has "fill" but is missing "sizes" prop. Please add it to improve page performance. Read more: https://nextjs.org/docs/api-reference/next/image#sizes @ http://localhost:3001/_next/static/chunks/0r_m_next_dist_13~aa_a._.js:2431
[ 2946927ms] [LOG] [Fast Refresh] rebuilding @ http://localhost:3001/_next/static/chunks/0r_m_next_dist_13~aa_a._.js:2431
[ 2946936ms] [LOG] [Fast Refresh] done in 117ms @ http://localhost:3001/_next/static/chunks/0r_m_next_dist_13~aa_a._.js:2431
[ 2947673ms] [WARNING] Image with src "/carusel/carusel12.jpg" was detected as the Largest Contentful Paint (LCP). Please add the `loading="eager"` property if this image is above the fold.
Read more: https://nextjs.org/docs/app/api-reference/components/image#loading @ http://localhost:3001/_next/static/chunks/0r_m_next_dist_13~aa_a._.js:2431
[ 2947700ms] [WARNING] Image with src "/carusel/carusel5.jpg" was detected as the Largest Contentful Paint (LCP). Please add the `loading="eager"` property if this image is above the fold.
Read more: https://nextjs.org/docs/app/api-reference/components/image#loading @ http://localhost:3001/_next/static/chunks/0r_m_next_dist_13~aa_a._.js:2431
[ 2958680ms] [LOG] [Fast Refresh] rebuilding @ http://localhost:3001/_next/static/chunks/0r_m_next_dist_13~aa_a._.js:2431
[ 2958703ms] [LOG] [Fast Refresh] done in 41ms @ http://localhost:3001/_next/static/chunks/0r_m_next_dist_13~aa_a._.js:2431
[ 2970086ms] [LOG] [Fast Refresh] rebuilding @ http://localhost:3001/_next/static/chunks/0r_m_next_dist_13~aa_a._.js:2431
[ 2970110ms] [LOG] [Fast Refresh] done in 34ms @ http://localhost:3001/_next/static/chunks/0r_m_next_dist_13~aa_a._.js:2431
[ 2981087ms] [LOG] [Fast Refresh] rebuilding @ http://localhost:3001/_next/static/chunks/0r_m_next_dist_13~aa_a._.js:2431
[ 2981110ms] [LOG] [Fast Refresh] done in 29ms @ http://localhost:3001/_next/static/chunks/0r_m_next_dist_13~aa_a._.js:2431
