[      98ms] [INFO] %cDownload the React DevTools for a better development experience: https://react.dev/link/react-devtools font-weight:bold @ http://localhost:3001/_next/static/chunks/0r_m_next_dist_13~aa_a._.js:2431
[     111ms] [LOG] [HMR] connected @ http://localhost:3001/_next/static/chunks/0r_m_next_dist_13~aa_a._.js:2431
[     136ms] [WARNING] Image with src "/logo.png" has "fill" but is missing "sizes" prop. Please add it to improve page performance. Read more: https://nextjs.org/docs/api-reference/next/image#sizes @ http://localhost:3001/_next/static/chunks/0r_m_next_dist_13~aa_a._.js:2431
[     379ms] [WARNING] Image with src "/carusel/carusel3.jpg" was detected as the Largest Contentful Paint (LCP). Please add the `loading="eager"` property if this image is above the fold.
Read more: https://nextjs.org/docs/app/api-reference/components/image#loading @ http://localhost:3001/_next/static/chunks/0r_m_next_dist_13~aa_a._.js:2431
[  440609ms] [LOG] [Fast Refresh] rebuilding @ http://localhost:3001/_next/static/chunks/0r_m_next_dist_13~aa_a._.js:2431
[  440617ms] [LOG] [Fast Refresh] done in 109ms @ http://localhost:3001/_next/static/chunks/0r_m_next_dist_13~aa_a._.js:2431
[  651742ms] [LOG] [Fast Refresh] rebuilding @ http://localhost:3001/_next/static/chunks/0r_m_next_dist_13~aa_a._.js:2431
[  651765ms] [LOG] [Fast Refresh] done in 48ms @ http://localhost:3001/_next/static/chunks/0r_m_next_dist_13~aa_a._.js:2431
[  653794ms] [LOG] [Fast Refresh] rebuilding @ http://localhost:3001/_next/static/chunks/0r_m_next_dist_13~aa_a._.js:2431
[  653815ms] [LOG] [Fast Refresh] done in 31ms @ http://localhost:3001/_next/static/chunks/0r_m_next_dist_13~aa_a._.js:2431
[  807406ms] [LOG] [Fast Refresh] rebuilding @ http://localhost:3001/_next/static/chunks/0r_m_next_dist_13~aa_a._.js:2431
[  807430ms] [LOG] [Fast Refresh] done in 68ms @ http://localhost:3001/_next/static/chunks/0r_m_next_dist_13~aa_a._.js:2431
[  816490ms] [LOG] [Fast Refresh] rebuilding @ http://localhost:3001/_next/static/chunks/0r_m_next_dist_13~aa_a._.js:2431
[  816510ms] [LOG] [Fast Refresh] done in 69ms @ http://localhost:3001/_next/static/chunks/0r_m_next_dist_13~aa_a._.js:2431
[  827452ms] [LOG] [Fast Refresh] rebuilding @ http://localhost:3001/_next/static/chunks/0r_m_next_dist_13~aa_a._.js:2431
[  827492ms] [LOG] [Fast Refresh] done in 64ms @ http://localhost:3001/_next/static/chunks/0r_m_next_dist_13~aa_a._.js:2431
[  851902ms] [LOG] [Fast Refresh] rebuilding @ http://localhost:3001/_next/static/chunks/0r_m_next_dist_13~aa_a._.js:2431
[  851928ms] [LOG] [Fast Refresh] done in 105ms @ http://localhost:3001/_next/static/chunks/0r_m_next_dist_13~aa_a._.js:2431
[  870430ms] [LOG] [Fast Refresh] rebuilding @ http://localhost:3001/_next/static/chunks/0r_m_next_dist_13~aa_a._.js:2431
[  870456ms] [LOG] [Fast Refresh] done in 32ms @ http://localhost:3001/_next/static/chunks/0r_m_next_dist_13~aa_a._.js:2431
[  880978ms] [LOG] [Fast Refresh] rebuilding @ http://localhost:3001/_next/static/chunks/0r_m_next_dist_13~aa_a._.js:2431
[  881009ms] [LOG] [Fast Refresh] done in 90ms @ http://localhost:3001/_next/static/chunks/0r_m_next_dist_13~aa_a._.js:2431
